[2016-05-31 17:21:22,303][INFO ][node                     ] [Jessica Jones] version[2.3.3], pid[13509], build[218bdf1/2016-05-17T15:40:04Z]
[2016-05-31 17:21:22,304][INFO ][node                     ] [Jessica Jones] initializing ...
[2016-05-31 17:21:23,150][INFO ][plugins                  ] [Jessica Jones] modules [reindex, lang-expression, lang-groovy], plugins [], sites []
[2016-05-31 17:21:23,180][INFO ][env                      ] [Jessica Jones] using [1] data paths, mounts [[/home (/dev/sda6)]], net usable_space [207.7gb], net total_space [373.9gb], spins? [no], types [ext4]
[2016-05-31 17:21:23,180][INFO ][env                      ] [Jessica Jones] heap size [990.7mb], compressed ordinary object pointers [true]
[2016-05-31 17:21:25,985][INFO ][node                     ] [Jessica Jones] initialized
[2016-05-31 17:21:25,986][INFO ][node                     ] [Jessica Jones] starting ...
[2016-05-31 17:21:26,168][INFO ][transport                ] [Jessica Jones] publish_address {127.0.0.1:9300}, bound_addresses {[::1]:9300}, {127.0.0.1:9300}
[2016-05-31 17:21:26,175][INFO ][discovery                ] [Jessica Jones] elasticsearch/5iJ_cBykRPyv2Af7bzkUXw
[2016-05-31 17:21:29,222][INFO ][cluster.service          ] [Jessica Jones] new_master {Jessica Jones}{5iJ_cBykRPyv2Af7bzkUXw}{127.0.0.1}{127.0.0.1:9300}, reason: zen-disco-join(elected_as_master, [0] joins received)
[2016-05-31 17:21:29,245][INFO ][http                     ] [Jessica Jones] publish_address {127.0.0.1:9200}, bound_addresses {[::1]:9200}, {127.0.0.1:9200}
[2016-05-31 17:21:29,249][INFO ][node                     ] [Jessica Jones] started
[2016-05-31 17:21:29,300][INFO ][gateway                  ] [Jessica Jones] recovered [0] indices into cluster_state
[2016-05-31 17:32:47,391][INFO ][cluster.metadata         ] [Jessica Jones] [iproperty] creating index, cause [api], templates [], shards [5]/[0], mappings [AHTransactionDataSelangor2016]
[2016-05-31 17:32:47,902][INFO ][cluster.routing.allocation] [Jessica Jones] Cluster health status changed from [RED] to [GREEN] (reason: [shards started [[iproperty][1], [iproperty][1], [iproperty][4]] ...]).
[2016-05-31 17:33:22,507][INFO ][cluster.metadata         ] [Jessica Jones] [iproperty] update_mapping [AHTransactionDataSelangor2016]
[2016-05-31 17:35:32,806][DEBUG][action.search            ] [Jessica Jones] [iproperty][1], node[5iJ_cBykRPyv2Af7bzkUXw], [P], v[2], s[STARTED], a[id=Ua8n9kYaRfCOaukg_JhNPA]: Failed to execute [org.elasticsearch.action.search.SearchRequest@4ce7a021] lastShard [true]
RemoteTransportException[[Jessica Jones][127.0.0.1:9300][indices:data/read/search[phase/query]]]; nested: SearchParseException[failed to parse search source [{ "query": { "range" : { "transactedAmount" : { "gte" : 2500000,} } } }]]; nested: QueryParsingException[Failed to parse]; nested: JsonParseException[Unexpected character ('}' (code 125)): was expecting either valid name character (for unquoted name) or double-quote (for quoted) to start field name
 at [Source: [B@35b3660f; line: 1, column: 66]];
Caused by: SearchParseException[failed to parse search source [{ "query": { "range" : { "transactedAmount" : { "gte" : 2500000,} } } }]]; nested: QueryParsingException[Failed to parse]; nested: JsonParseException[Unexpected character ('}' (code 125)): was expecting either valid name character (for unquoted name) or double-quote (for quoted) to start field name
 at [Source: [B@35b3660f; line: 1, column: 66]];
	at org.elasticsearch.search.SearchService.parseSource(SearchService.java:855)
	at org.elasticsearch.search.SearchService.createContext(SearchService.java:654)
	at org.elasticsearch.search.SearchService.createAndPutContext(SearchService.java:620)
	at org.elasticsearch.search.SearchService.executeQueryPhase(SearchService.java:371)
	at org.elasticsearch.search.action.SearchServiceTransportAction$SearchQueryTransportHandler.messageReceived(SearchServiceTransportAction.java:368)
	at org.elasticsearch.search.action.SearchServiceTransportAction$SearchQueryTransportHandler.messageReceived(SearchServiceTransportAction.java:365)
	at org.elasticsearch.transport.TransportRequestHandler.messageReceived(TransportRequestHandler.java:33)
	at org.elasticsearch.transport.RequestHandlerRegistry.processMessageReceived(RequestHandlerRegistry.java:75)
	at org.elasticsearch.transport.TransportService$4.doRun(TransportService.java:376)
	at org.elasticsearch.common.util.concurrent.AbstractRunnable.run(AbstractRunnable.java:37)
	at java.util.concurrent.ThreadPoolExecutor.runWorker(ThreadPoolExecutor.java:1142)
	at java.util.concurrent.ThreadPoolExecutor$Worker.run(ThreadPoolExecutor.java:617)
	at java.lang.Thread.run(Thread.java:745)
Caused by: [iproperty] QueryParsingException[Failed to parse]; nested: JsonParseException[Unexpected character ('}' (code 125)): was expecting either valid name character (for unquoted name) or double-quote (for quoted) to start field name
 at [Source: [B@35b3660f; line: 1, column: 66]];
	at org.elasticsearch.index.query.IndexQueryParserService.parse(IndexQueryParserService.java:225)
	at org.elasticsearch.index.query.IndexQueryParserService.parse(IndexQueryParserService.java:218)
	at org.elasticsearch.search.query.QueryParseElement.parse(QueryParseElement.java:33)
	at org.elasticsearch.search.SearchService.parseSource(SearchService.java:838)
	... 12 more
Caused by: com.fasterxml.jackson.core.JsonParseException: Unexpected character ('}' (code 125)): was expecting either valid name character (for unquoted name) or double-quote (for quoted) to start field name
 at [Source: [B@35b3660f; line: 1, column: 66]
	at com.fasterxml.jackson.core.JsonParser._constructError(JsonParser.java:1581)
	at com.fasterxml.jackson.core.base.ParserMinimalBase._reportError(ParserMinimalBase.java:533)
	at com.fasterxml.jackson.core.base.ParserMinimalBase._reportUnexpectedChar(ParserMinimalBase.java:462)
	at com.fasterxml.jackson.core.json.UTF8StreamJsonParser._handleOddName(UTF8StreamJsonParser.java:2012)
	at com.fasterxml.jackson.core.json.UTF8StreamJsonParser._parseName(UTF8StreamJsonParser.java:1650)
	at com.fasterxml.jackson.core.json.UTF8StreamJsonParser.nextToken(UTF8StreamJsonParser.java:740)
	at org.elasticsearch.common.xcontent.json.JsonXContentParser.nextToken(JsonXContentParser.java:53)
	at org.elasticsearch.index.query.RangeQueryParser.parse(RangeQueryParser.java:77)
	at org.elasticsearch.index.query.QueryParseContext.parseInnerQuery(QueryParseContext.java:250)
	at org.elasticsearch.index.query.IndexQueryParserService.innerParse(IndexQueryParserService.java:320)
	at org.elasticsearch.index.query.IndexQueryParserService.parse(IndexQueryParserService.java:223)
	... 15 more
[2016-05-31 17:35:32,806][DEBUG][action.search            ] [Jessica Jones] [iproperty][4], node[5iJ_cBykRPyv2Af7bzkUXw], [P], v[2], s[STARTED], a[id=pfYLe9v3S5mdzsUl_nm-LQ]: Failed to execute [org.elasticsearch.action.search.SearchRequest@4ce7a021] lastShard [true]
RemoteTransportException[[Jessica Jones][127.0.0.1:9300][indices:data/read/search[phase/query]]]; nested: SearchParseException[failed to parse search source [{ "query": { "range" : { "transactedAmount" : { "gte" : 2500000,} } } }]]; nested: QueryParsingException[Failed to parse]; nested: JsonParseException[Unexpected character ('}' (code 125)): was expecting either valid name character (for unquoted name) or double-quote (for quoted) to start field name
 at [Source: [B@35b3660f; line: 1, column: 66]];
Caused by: SearchParseException[failed to parse search source [{ "query": { "range" : { "transactedAmount" : { "gte" : 2500000,} } } }]]; nested: QueryParsingException[Failed to parse]; nested: JsonParseException[Unexpected character ('}' (code 125)): was expecting either valid name character (for unquoted name) or double-quote (for quoted) to start field name
 at [Source: [B@35b3660f; line: 1, column: 66]];
	at org.elasticsearch.search.SearchService.parseSource(SearchService.java:855)
	at org.elasticsearch.search.SearchService.createContext(SearchService.java:654)
	at org.elasticsearch.search.SearchService.createAndPutContext(SearchService.java:620)
	at org.elasticsearch.search.SearchService.executeQueryPhase(SearchService.java:371)
	at org.elasticsearch.search.action.SearchServiceTransportAction$SearchQueryTransportHandler.messageReceived(SearchServiceTransportAction.java:368)
	at org.elasticsearch.search.action.SearchServiceTransportAction$SearchQueryTransportHandler.messageReceived(SearchServiceTransportAction.java:365)
	at org.elasticsearch.transport.TransportRequestHandler.messageReceived(TransportRequestHandler.java:33)
	at org.elasticsearch.transport.RequestHandlerRegistry.processMessageReceived(RequestHandlerRegistry.java:75)
	at org.elasticsearch.transport.TransportService$4.doRun(TransportService.java:376)
	at org.elasticsearch.common.util.concurrent.AbstractRunnable.run(AbstractRunnable.java:37)
	at java.util.concurrent.ThreadPoolExecutor.runWorker(ThreadPoolExecutor.java:1142)
	at java.util.concurrent.ThreadPoolExecutor$Worker.run(ThreadPoolExecutor.java:617)
	at java.lang.Thread.run(Thread.java:745)
Caused by: [iproperty] QueryParsingException[Failed to parse]; nested: JsonParseException[Unexpected character ('}' (code 125)): was expecting either valid name character (for unquoted name) or double-quote (for quoted) to start field name
 at [Source: [B@35b3660f; line: 1, column: 66]];
	at org.elasticsearch.index.query.IndexQueryParserService.parse(IndexQueryParserService.java:225)
	at org.elasticsearch.index.query.IndexQueryParserService.parse(IndexQueryParserService.java:218)
	at org.elasticsearch.search.query.QueryParseElement.parse(QueryParseElement.java:33)
	at org.elasticsearch.search.SearchService.parseSource(SearchService.java:838)
	... 12 more
Caused by: com.fasterxml.jackson.core.JsonParseException: Unexpected character ('}' (code 125)): was expecting either valid name character (for unquoted name) or double-quote (for quoted) to start field name
 at [Source: [B@35b3660f; line: 1, column: 66]
	at com.fasterxml.jackson.core.JsonParser._constructError(JsonParser.java:1581)
	at com.fasterxml.jackson.core.base.ParserMinimalBase._reportError(ParserMinimalBase.java:533)
	at com.fasterxml.jackson.core.base.ParserMinimalBase._reportUnexpectedChar(ParserMinimalBase.java:462)
	at com.fasterxml.jackson.core.json.UTF8StreamJsonParser._handleOddName(UTF8StreamJsonParser.java:2012)
	at com.fasterxml.jackson.core.json.UTF8StreamJsonParser._parseName(UTF8StreamJsonParser.java:1650)
	at com.fasterxml.jackson.core.json.UTF8StreamJsonParser.nextToken(UTF8StreamJsonParser.java:740)
	at org.elasticsearch.common.xcontent.json.JsonXContentParser.nextToken(JsonXContentParser.java:53)
	at org.elasticsearch.index.query.RangeQueryParser.parse(RangeQueryParser.java:77)
	at org.elasticsearch.index.query.QueryParseContext.parseInnerQuery(QueryParseContext.java:250)
	at org.elasticsearch.index.query.IndexQueryParserService.innerParse(IndexQueryParserService.java:320)
	at org.elasticsearch.index.query.IndexQueryParserService.parse(IndexQueryParserService.java:223)
	... 15 more
[2016-05-31 17:35:32,807][DEBUG][action.search            ] [Jessica Jones] [iproperty][3], node[5iJ_cBykRPyv2Af7bzkUXw], [P], v[2], s[STARTED], a[id=kfeXg97NTfiPlShR9ubeLg]: Failed to execute [org.elasticsearch.action.search.SearchRequest@4ce7a021]
RemoteTransportException[[Jessica Jones][127.0.0.1:9300][indices:data/read/search[phase/query]]]; nested: SearchParseException[failed to parse search source [{ "query": { "range" : { "transactedAmount" : { "gte" : 2500000,} } } }]]; nested: QueryParsingException[Failed to parse]; nested: JsonParseException[Unexpected character ('}' (code 125)): was expecting either valid name character (for unquoted name) or double-quote (for quoted) to start field name
 at [Source: [B@35b3660f; line: 1, column: 66]];
Caused by: SearchParseException[failed to parse search source [{ "query": { "range" : { "transactedAmount" : { "gte" : 2500000,} } } }]]; nested: QueryParsingException[Failed to parse]; nested: JsonParseException[Unexpected character ('}' (code 125)): was expecting either valid name character (for unquoted name) or double-quote (for quoted) to start field name
 at [Source: [B@35b3660f; line: 1, column: 66]];
	at org.elasticsearch.search.SearchService.parseSource(SearchService.java:855)
	at org.elasticsearch.search.SearchService.createContext(SearchService.java:654)
	at org.elasticsearch.search.SearchService.createAndPutContext(SearchService.java:620)
	at org.elasticsearch.search.SearchService.executeQueryPhase(SearchService.java:371)
	at org.elasticsearch.search.action.SearchServiceTransportAction$SearchQueryTransportHandler.messageReceived(SearchServiceTransportAction.java:368)
	at org.elasticsearch.search.action.SearchServiceTransportAction$SearchQueryTransportHandler.messageReceived(SearchServiceTransportAction.java:365)
	at org.elasticsearch.transport.TransportRequestHandler.messageReceived(TransportRequestHandler.java:33)
	at org.elasticsearch.transport.RequestHandlerRegistry.processMessageReceived(RequestHandlerRegistry.java:75)
	at org.elasticsearch.transport.TransportService$4.doRun(TransportService.java:376)
	at org.elasticsearch.common.util.concurrent.AbstractRunnable.run(AbstractRunnable.java:37)
	at java.util.concurrent.ThreadPoolExecutor.runWorker(ThreadPoolExecutor.java:1142)
	at java.util.concurrent.ThreadPoolExecutor$Worker.run(ThreadPoolExecutor.java:617)
	at java.lang.Thread.run(Thread.java:745)
Caused by: [iproperty] QueryParsingException[Failed to parse]; nested: JsonParseException[Unexpected character ('}' (code 125)): was expecting either valid name character (for unquoted name) or double-quote (for quoted) to start field name
 at [Source: [B@35b3660f; line: 1, column: 66]];
	at org.elasticsearch.index.query.IndexQueryParserService.parse(IndexQueryParserService.java:225)
	at org.elasticsearch.index.query.IndexQueryParserService.parse(IndexQueryParserService.java:218)
	at org.elasticsearch.search.query.QueryParseElement.parse(QueryParseElement.java:33)
	at org.elasticsearch.search.SearchService.parseSource(SearchService.java:838)
	... 12 more
Caused by: com.fasterxml.jackson.core.JsonParseException: Unexpected character ('}' (code 125)): was expecting either valid name character (for unquoted name) or double-quote (for quoted) to start field name
 at [Source: [B@35b3660f; line: 1, column: 66]
	at com.fasterxml.jackson.core.JsonParser._constructError(JsonParser.java:1581)
	at com.fasterxml.jackson.core.base.ParserMinimalBase._reportError(ParserMinimalBase.java:533)
	at com.fasterxml.jackson.core.base.ParserMinimalBase._reportUnexpectedChar(ParserMinimalBase.java:462)
	at com.fasterxml.jackson.core.json.UTF8StreamJsonParser._handleOddName(UTF8StreamJsonParser.java:2012)
	at com.fasterxml.jackson.core.json.UTF8StreamJsonParser._parseName(UTF8StreamJsonParser.java:1650)
	at com.fasterxml.jackson.core.json.UTF8StreamJsonParser.nextToken(UTF8StreamJsonParser.java:740)
	at org.elasticsearch.common.xcontent.json.JsonXContentParser.nextToken(JsonXContentParser.java:53)
	at org.elasticsearch.index.query.RangeQueryParser.parse(RangeQueryParser.java:77)
	at org.elasticsearch.index.query.QueryParseContext.parseInnerQuery(QueryParseContext.java:250)
	at org.elasticsearch.index.query.IndexQueryParserService.innerParse(IndexQueryParserService.java:320)
	at org.elasticsearch.index.query.IndexQueryParserService.parse(IndexQueryParserService.java:223)
	... 15 more
[2016-05-31 17:35:32,807][DEBUG][action.search            ] [Jessica Jones] [iproperty][0], node[5iJ_cBykRPyv2Af7bzkUXw], [P], v[2], s[STARTED], a[id=LpO-FoKJS2ii53O83GmrdA]: Failed to execute [org.elasticsearch.action.search.SearchRequest@4ce7a021] lastShard [true]
RemoteTransportException[[Jessica Jones][127.0.0.1:9300][indices:data/read/search[phase/query]]]; nested: SearchParseException[failed to parse search source [{ "query": { "range" : { "transactedAmount" : { "gte" : 2500000,} } } }]]; nested: QueryParsingException[Failed to parse]; nested: JsonParseException[Unexpected character ('}' (code 125)): was expecting either valid name character (for unquoted name) or double-quote (for quoted) to start field name
 at [Source: [B@35b3660f; line: 1, column: 66]];
Caused by: SearchParseException[failed to parse search source [{ "query": { "range" : { "transactedAmount" : { "gte" : 2500000,} } } }]]; nested: QueryParsingException[Failed to parse]; nested: JsonParseException[Unexpected character ('}' (code 125)): was expecting either valid name character (for unquoted name) or double-quote (for quoted) to start field name
 at [Source: [B@35b3660f; line: 1, column: 66]];
	at org.elasticsearch.search.SearchService.parseSource(SearchService.java:855)
	at org.elasticsearch.search.SearchService.createContext(SearchService.java:654)
	at org.elasticsearch.search.SearchService.createAndPutContext(SearchService.java:620)
	at org.elasticsearch.search.SearchService.executeQueryPhase(SearchService.java:371)
	at org.elasticsearch.search.action.SearchServiceTransportAction$SearchQueryTransportHandler.messageReceived(SearchServiceTransportAction.java:368)
	at org.elasticsearch.search.action.SearchServiceTransportAction$SearchQueryTransportHandler.messageReceived(SearchServiceTransportAction.java:365)
	at org.elasticsearch.transport.TransportRequestHandler.messageReceived(TransportRequestHandler.java:33)
	at org.elasticsearch.transport.RequestHandlerRegistry.processMessageReceived(RequestHandlerRegistry.java:75)
	at org.elasticsearch.transport.TransportService$4.doRun(TransportService.java:376)
	at org.elasticsearch.common.util.concurrent.AbstractRunnable.run(AbstractRunnable.java:37)
	at java.util.concurrent.ThreadPoolExecutor.runWorker(ThreadPoolExecutor.java:1142)
	at java.util.concurrent.ThreadPoolExecutor$Worker.run(ThreadPoolExecutor.java:617)
	at java.lang.Thread.run(Thread.java:745)
Caused by: [iproperty] QueryParsingException[Failed to parse]; nested: JsonParseException[Unexpected character ('}' (code 125)): was expecting either valid name character (for unquoted name) or double-quote (for quoted) to start field name
 at [Source: [B@35b3660f; line: 1, column: 66]];
	at org.elasticsearch.index.query.IndexQueryParserService.parse(IndexQueryParserService.java:225)
	at org.elasticsearch.index.query.IndexQueryParserService.parse(IndexQueryParserService.java:218)
	at org.elasticsearch.search.query.QueryParseElement.parse(QueryParseElement.java:33)
	at org.elasticsearch.search.SearchService.parseSource(SearchService.java:838)
	... 12 more
Caused by: com.fasterxml.jackson.core.JsonParseException: Unexpected character ('}' (code 125)): was expecting either valid name character (for unquoted name) or double-quote (for quoted) to start field name
 at [Source: [B@35b3660f; line: 1, column: 66]
	at com.fasterxml.jackson.core.JsonParser._constructError(JsonParser.java:1581)
	at com.fasterxml.jackson.core.base.ParserMinimalBase._reportError(ParserMinimalBase.java:533)
	at com.fasterxml.jackson.core.base.ParserMinimalBase._reportUnexpectedChar(ParserMinimalBase.java:462)
	at com.fasterxml.jackson.core.json.UTF8StreamJsonParser._handleOddName(UTF8StreamJsonParser.java:2012)
	at com.fasterxml.jackson.core.json.UTF8StreamJsonParser._parseName(UTF8StreamJsonParser.java:1650)
	at com.fasterxml.jackson.core.json.UTF8StreamJsonParser.nextToken(UTF8StreamJsonParser.java:740)
	at org.elasticsearch.common.xcontent.json.JsonXContentParser.nextToken(JsonXContentParser.java:53)
	at org.elasticsearch.index.query.RangeQueryParser.parse(RangeQueryParser.java:77)
	at org.elasticsearch.index.query.QueryParseContext.parseInnerQuery(QueryParseContext.java:250)
	at org.elasticsearch.index.query.IndexQueryParserService.innerParse(IndexQueryParserService.java:320)
	at org.elasticsearch.index.query.IndexQueryParserService.parse(IndexQueryParserService.java:223)
	... 15 more
[2016-05-31 17:35:32,806][DEBUG][action.search            ] [Jessica Jones] [iproperty][2], node[5iJ_cBykRPyv2Af7bzkUXw], [P], v[2], s[STARTED], a[id=NAKi182WQHWcyaXolw8nVA]: Failed to execute [org.elasticsearch.action.search.SearchRequest@4ce7a021] lastShard [true]
RemoteTransportException[[Jessica Jones][127.0.0.1:9300][indices:data/read/search[phase/query]]]; nested: SearchParseException[failed to parse search source [{ "query": { "range" : { "transactedAmount" : { "gte" : 2500000,} } } }]]; nested: QueryParsingException[Failed to parse]; nested: JsonParseException[Unexpected character ('}' (code 125)): was expecting either valid name character (for unquoted name) or double-quote (for quoted) to start field name
 at [Source: [B@35b3660f; line: 1, column: 66]];
Caused by: SearchParseException[failed to parse search source [{ "query": { "range" : { "transactedAmount" : { "gte" : 2500000,} } } }]]; nested: QueryParsingException[Failed to parse]; nested: JsonParseException[Unexpected character ('}' (code 125)): was expecting either valid name character (for unquoted name) or double-quote (for quoted) to start field name
 at [Source: [B@35b3660f; line: 1, column: 66]];
	at org.elasticsearch.search.SearchService.parseSource(SearchService.java:855)
	at org.elasticsearch.search.SearchService.createContext(SearchService.java:654)
	at org.elasticsearch.search.SearchService.createAndPutContext(SearchService.java:620)
	at org.elasticsearch.search.SearchService.executeQueryPhase(SearchService.java:371)
	at org.elasticsearch.search.action.SearchServiceTransportAction$SearchQueryTransportHandler.messageReceived(SearchServiceTransportAction.java:368)
	at org.elasticsearch.search.action.SearchServiceTransportAction$SearchQueryTransportHandler.messageReceived(SearchServiceTransportAction.java:365)
	at org.elasticsearch.transport.TransportRequestHandler.messageReceived(TransportRequestHandler.java:33)
	at org.elasticsearch.transport.RequestHandlerRegistry.processMessageReceived(RequestHandlerRegistry.java:75)
	at org.elasticsearch.transport.TransportService$4.doRun(TransportService.java:376)
	at org.elasticsearch.common.util.concurrent.AbstractRunnable.run(AbstractRunnable.java:37)
	at java.util.concurrent.ThreadPoolExecutor.runWorker(ThreadPoolExecutor.java:1142)
	at java.util.concurrent.ThreadPoolExecutor$Worker.run(ThreadPoolExecutor.java:617)
	at java.lang.Thread.run(Thread.java:745)
Caused by: [iproperty] QueryParsingException[Failed to parse]; nested: JsonParseException[Unexpected character ('}' (code 125)): was expecting either valid name character (for unquoted name) or double-quote (for quoted) to start field name
 at [Source: [B@35b3660f; line: 1, column: 66]];
	at org.elasticsearch.index.query.IndexQueryParserService.parse(IndexQueryParserService.java:225)
	at org.elasticsearch.index.query.IndexQueryParserService.parse(IndexQueryParserService.java:218)
	at org.elasticsearch.search.query.QueryParseElement.parse(QueryParseElement.java:33)
	at org.elasticsearch.search.SearchService.parseSource(SearchService.java:838)
	... 12 more
Caused by: com.fasterxml.jackson.core.JsonParseException: Unexpected character ('}' (code 125)): was expecting either valid name character (for unquoted name) or double-quote (for quoted) to start field name
 at [Source: [B@35b3660f; line: 1, column: 66]
	at com.fasterxml.jackson.core.JsonParser._constructError(JsonParser.java:1581)
	at com.fasterxml.jackson.core.base.ParserMinimalBase._reportError(ParserMinimalBase.java:533)
	at com.fasterxml.jackson.core.base.ParserMinimalBase._reportUnexpectedChar(ParserMinimalBase.java:462)
	at com.fasterxml.jackson.core.json.UTF8StreamJsonParser._handleOddName(UTF8StreamJsonParser.java:2012)
	at com.fasterxml.jackson.core.json.UTF8StreamJsonParser._parseName(UTF8StreamJsonParser.java:1650)
	at com.fasterxml.jackson.core.json.UTF8StreamJsonParser.nextToken(UTF8StreamJsonParser.java:740)
	at org.elasticsearch.common.xcontent.json.JsonXContentParser.nextToken(JsonXContentParser.java:53)
	at org.elasticsearch.index.query.RangeQueryParser.parse(RangeQueryParser.java:77)
	at org.elasticsearch.index.query.QueryParseContext.parseInnerQuery(QueryParseContext.java:250)
	at org.elasticsearch.index.query.IndexQueryParserService.innerParse(IndexQueryParserService.java:320)
	at org.elasticsearch.index.query.IndexQueryParserService.parse(IndexQueryParserService.java:223)
	... 15 more
[2016-05-31 17:35:32,815][DEBUG][action.search            ] [Jessica Jones] All shards failed for phase: [query]
RemoteTransportException[[Jessica Jones][127.0.0.1:9300][indices:data/read/search[phase/query]]]; nested: SearchParseException[failed to parse search source [{ "query": { "range" : { "transactedAmount" : { "gte" : 2500000,} } } }]]; nested: QueryParsingException[Failed to parse]; nested: JsonParseException[Unexpected character ('}' (code 125)): was expecting either valid name character (for unquoted name) or double-quote (for quoted) to start field name
 at [Source: [B@35b3660f; line: 1, column: 66]];
Caused by: SearchParseException[failed to parse search source [{ "query": { "range" : { "transactedAmount" : { "gte" : 2500000,} } } }]]; nested: QueryParsingException[Failed to parse]; nested: JsonParseException[Unexpected character ('}' (code 125)): was expecting either valid name character (for unquoted name) or double-quote (for quoted) to start field name
 at [Source: [B@35b3660f; line: 1, column: 66]];
	at org.elasticsearch.search.SearchService.parseSource(SearchService.java:855)
	at org.elasticsearch.search.SearchService.createContext(SearchService.java:654)
	at org.elasticsearch.search.SearchService.createAndPutContext(SearchService.java:620)
	at org.elasticsearch.search.SearchService.executeQueryPhase(SearchService.java:371)
	at org.elasticsearch.search.action.SearchServiceTransportAction$SearchQueryTransportHandler.messageReceived(SearchServiceTransportAction.java:368)
	at org.elasticsearch.search.action.SearchServiceTransportAction$SearchQueryTransportHandler.messageReceived(SearchServiceTransportAction.java:365)
	at org.elasticsearch.transport.TransportRequestHandler.messageReceived(TransportRequestHandler.java:33)
	at org.elasticsearch.transport.RequestHandlerRegistry.processMessageReceived(RequestHandlerRegistry.java:75)
	at org.elasticsearch.transport.TransportService$4.doRun(TransportService.java:376)
	at org.elasticsearch.common.util.concurrent.AbstractRunnable.run(AbstractRunnable.java:37)
	at java.util.concurrent.ThreadPoolExecutor.runWorker(ThreadPoolExecutor.java:1142)
	at java.util.concurrent.ThreadPoolExecutor$Worker.run(ThreadPoolExecutor.java:617)
	at java.lang.Thread.run(Thread.java:745)
Caused by: [iproperty] QueryParsingException[Failed to parse]; nested: JsonParseException[Unexpected character ('}' (code 125)): was expecting either valid name character (for unquoted name) or double-quote (for quoted) to start field name
 at [Source: [B@35b3660f; line: 1, column: 66]];
	at org.elasticsearch.index.query.IndexQueryParserService.parse(IndexQueryParserService.java:225)
	at org.elasticsearch.index.query.IndexQueryParserService.parse(IndexQueryParserService.java:218)
	at org.elasticsearch.search.query.QueryParseElement.parse(QueryParseElement.java:33)
	at org.elasticsearch.search.SearchService.parseSource(SearchService.java:838)
	... 12 more
Caused by: com.fasterxml.jackson.core.JsonParseException: Unexpected character ('}' (code 125)): was expecting either valid name character (for unquoted name) or double-quote (for quoted) to start field name
 at [Source: [B@35b3660f; line: 1, column: 66]
	at com.fasterxml.jackson.core.JsonParser._constructError(JsonParser.java:1581)
	at com.fasterxml.jackson.core.base.ParserMinimalBase._reportError(ParserMinimalBase.java:533)
	at com.fasterxml.jackson.core.base.ParserMinimalBase._reportUnexpectedChar(ParserMinimalBase.java:462)
	at com.fasterxml.jackson.core.json.UTF8StreamJsonParser._handleOddName(UTF8StreamJsonParser.java:2012)
	at com.fasterxml.jackson.core.json.UTF8StreamJsonParser._parseName(UTF8StreamJsonParser.java:1650)
	at com.fasterxml.jackson.core.json.UTF8StreamJsonParser.nextToken(UTF8StreamJsonParser.java:740)
	at org.elasticsearch.common.xcontent.json.JsonXContentParser.nextToken(JsonXContentParser.java:53)
	at org.elasticsearch.index.query.RangeQueryParser.parse(RangeQueryParser.java:77)
	at org.elasticsearch.index.query.QueryParseContext.parseInnerQuery(QueryParseContext.java:250)
	at org.elasticsearch.index.query.IndexQueryParserService.innerParse(IndexQueryParserService.java:320)
	at org.elasticsearch.index.query.IndexQueryParserService.parse(IndexQueryParserService.java:223)
	... 15 more
[2016-05-31 17:38:17,611][INFO ][cluster.metadata         ] [Jessica Jones] [iproperty] creating index, cause [api], templates [], shards [5]/[0], mappings [AHTransactionDataSelangor2016]
[2016-05-31 17:38:17,867][INFO ][cluster.routing.allocation] [Jessica Jones] Cluster health status changed from [RED] to [GREEN] (reason: [shards started [[iproperty][4]] ...]).
[2016-05-31 17:38:36,255][INFO ][cluster.metadata         ] [Jessica Jones] [iproperty] update_mapping [AHTransactionDataSelangor2016]
[2016-05-31 17:44:23,718][INFO ][cluster.metadata         ] [Jessica Jones] [.kibana] creating index, cause [api], templates [], shards [1]/[1], mappings [config]
[2016-05-31 17:44:23,811][INFO ][cluster.routing.allocation] [Jessica Jones] Cluster health status changed from [RED] to [YELLOW] (reason: [shards started [[.kibana][0]] ...]).
[2016-05-31 17:44:33,886][INFO ][cluster.metadata         ] [Jessica Jones] [.kibana] create_mapping [index-pattern]
[2016-05-31 17:45:02,006][INFO ][cluster.metadata         ] [Jessica Jones] [.kibana] update_mapping [config]
[2016-05-31 17:45:10,218][INFO ][cluster.metadata         ] [Jessica Jones] [.kibana] create_mapping [search]
[2016-05-31 17:45:16,158][INFO ][cluster.metadata         ] [Jessica Jones] [.kibana] create_mapping [dashboard]
[2016-05-31 17:45:22,232][INFO ][cluster.metadata         ] [Jessica Jones] [.kibana] create_mapping [visualization]
[2016-05-31 18:15:49,776][INFO ][node                     ] [Jessica Jones] stopping ...
[2016-05-31 18:15:49,855][INFO ][node                     ] [Jessica Jones] stopped
[2016-05-31 18:15:49,855][INFO ][node                     ] [Jessica Jones] closing ...
[2016-05-31 18:15:49,873][INFO ][node                     ] [Jessica Jones] closed
